<?xml version="1.0" encoding="UTF-8"?>
<testsuite xmlns:xsi="http://www.w3.org/2001/XMLSchema-instance" xsi:noNamespaceSchemaLocation="https://maven.apache.org/surefire/maven-surefire-plugin/xsd/surefire-test-report-3.0.xsd" version="3.0" name="com.smart.health.prescription.controller.PrescriptionControllerTest" time="1.467" tests="10" errors="0" skipped="0" failures="0">
  <properties>
[...]
</properties>
  <testcase name="listPrescriptions_empty" classname="com.smart.health.prescription.controller.PrescriptionControllerTest" time="1.129">
    <system-out><![CDATA[20:12:57.392 [main] INFO org.hibernate.validator.internal.util.Version -- HV000001: Hibernate Validator 8.0.1.Final
20:12:57.687 [main] INFO org.springframework.mock.web.MockServletContext -- Initializing Spring TestDispatcherServlet ''
20:12:57.687 [main] INFO org.springframework.test.web.servlet.TestDispatcherServlet -- Initializing Servlet ''
20:12:57.691 [main] INFO org.springframework.test.web.servlet.TestDispatcherServlet -- Completed initialization in 2 ms
]]></system-out>
  </testcase>
  <testcase name="auditPrescription_reject_returnsOk" classname="com.smart.health.prescription.controller.PrescriptionControllerTest" time="0.069">
    <system-out><![CDATA[20:12:57.808 [main] INFO org.springframework.mock.web.MockServletContext -- Initializing Spring TestDispatcherServlet ''
20:12:57.809 [main] INFO org.springframework.test.web.servlet.TestDispatcherServlet -- Initializing Servlet ''
20:12:57.809 [main] INFO org.springframework.test.web.servlet.TestDispatcherServlet -- Completed initialization in 0 ms
]]></system-out>
  </testcase>
  <testcase name="listPrescriptions_success" classname="com.smart.health.prescription.controller.PrescriptionControllerTest" time="0.016">
    <system-out><![CDATA[20:12:57.879 [main] INFO org.springframework.mock.web.MockServletContext -- Initializing Spring TestDispatcherServlet ''
20:12:57.879 [main] INFO org.springframework.test.web.servlet.TestDispatcherServlet -- Initializing Servlet ''
20:12:57.879 [main] INFO org.springframework.test.web.servlet.TestDispatcherServlet -- Completed initialization in 0 ms
]]></system-out>
  </testcase>
  <testcase name="listInventory_success" classname="com.smart.health.prescription.controller.PrescriptionControllerTest" time="0.014">
    <system-out><![CDATA[20:12:57.894 [main] INFO org.springframework.mock.web.MockServletContext -- Initializing Spring TestDispatcherServlet ''
20:12:57.894 [main] INFO org.springframework.test.web.servlet.TestDispatcherServlet -- Initializing Servlet ''
20:12:57.894 [main] INFO org.springframework.test.web.servlet.TestDispatcherServlet -- Completed initialization in 0 ms
]]></system-out>
  </testcase>
  <testcase name="getPrescriptionDetail_success" classname="com.smart.health.prescription.controller.PrescriptionControllerTest" time="0.015">
    <system-out><![CDATA[20:12:57.907 [main] INFO org.springframework.mock.web.MockServletContext -- Initializing Spring TestDispatcherServlet ''
20:12:57.908 [main] INFO org.springframework.test.web.servlet.TestDispatcherServlet -- Initializing Servlet ''
20:12:57.908 [main] INFO org.springframework.test.web.servlet.TestDispatcherServlet -- Completed initialization in 0 ms
]]></system-out>
  </testcase>
  <testcase name="listPendingAudit_returnsOk" classname="com.smart.health.prescription.controller.PrescriptionControllerTest" time="0.013">
    <system-out><![CDATA[20:12:57.923 [main] INFO org.springframework.mock.web.MockServletContext -- Initializing Spring TestDispatcherServlet ''
20:12:57.923 [main] INFO org.springframework.test.web.servlet.TestDispatcherServlet -- Initializing Servlet ''
20:12:57.923 [main] INFO org.springframework.test.web.servlet.TestDispatcherServlet -- Completed initialization in 0 ms
]]></system-out>
  </testcase>
  <testcase name="issuePrescription_insufficientStock_returns400" classname="com.smart.health.prescription.controller.PrescriptionControllerTest" time="0.026">
    <system-out><![CDATA[20:12:57.935 [main] INFO org.springframework.mock.web.MockServletContext -- Initializing Spring TestDispatcherServlet ''
20:12:57.936 [main] INFO org.springframework.test.web.servlet.TestDispatcherServlet -- Initializing Servlet ''
20:12:57.936 [main] INFO org.springframework.test.web.servlet.TestDispatcherServlet -- Completed initialization in 0 ms
20:12:57.951 [main] WARN com.smart.health.common.exception.GlobalExceptionHandler -- 业务异常: 药品库存不足
]]></system-out>
  </testcase>
  <testcase name="auditPrescription_invalidBody_returnsError" classname="com.smart.health.prescription.controller.PrescriptionControllerTest" time="0.03">
    <system-out><![CDATA[20:12:57.965 [main] INFO org.springframework.mock.web.MockServletContext -- Initializing Spring TestDispatcherServlet ''
20:12:57.965 [main] INFO org.springframework.test.web.servlet.TestDispatcherServlet -- Initializing Servlet ''
20:12:57.965 [main] INFO org.springframework.test.web.servlet.TestDispatcherServlet -- Completed initialization in 0 ms
20:12:57.985 [main] WARN com.smart.health.common.exception.GlobalExceptionHandler -- 参数校验失败: 审核动作不能为空
]]></system-out>
  </testcase>
  <testcase name="auditPrescription_approve_returnsOk" classname="com.smart.health.prescription.controller.PrescriptionControllerTest" time="0.014">
    <system-out><![CDATA[20:12:57.994 [main] INFO org.springframework.mock.web.MockServletContext -- Initializing Spring TestDispatcherServlet ''
20:12:57.994 [main] INFO org.springframework.test.web.servlet.TestDispatcherServlet -- Initializing Servlet ''
20:12:57.994 [main] INFO org.springframework.test.web.servlet.TestDispatcherServlet -- Completed initialization in 0 ms
]]></system-out>
  </testcase>
  <testcase name="issuePrescription_success" classname="com.smart.health.prescription.controller.PrescriptionControllerTest" time="0.019">
    <system-out><![CDATA[20:12:58.010 [main] INFO org.springframework.mock.web.MockServletContext -- Initializing Spring TestDispatcherServlet ''
20:12:58.010 [main] INFO org.springframework.test.web.servlet.TestDispatcherServlet -- Initializing Servlet ''
20:12:58.010 [main] INFO org.springframework.test.web.servlet.TestDispatcherServlet -- Completed initialization in 0 ms
]]></system-out>
  </testcase>
</testsuite>