<?xml version="1.0" encoding="UTF-8"?>
<testsuite xmlns:xsi="http://www.w3.org/2001/XMLSchema-instance" xsi:noNamespaceSchemaLocation="https://maven.apache.org/surefire/maven-surefire-plugin/xsd/surefire-test-report-3.0.xsd" version="3.0" name="com.smart.health.consultation.controller.AiConsultControllerTest$StreamConsult" time="0.035" tests="2" errors="0" skipped="0" failures="0">
  <properties>
[...]
</properties>
  <testcase name="streamConsult_withSessionId_returnsSseStream" classname="com.smart.health.consultation.controller.AiConsultControllerTest$StreamConsult" time="0.021">
    <system-out><![CDATA[08:08:57.728 [main] INFO org.springframework.mock.web.MockServletContext -- Initializing Spring TestDispatcherServlet ''
08:08:57.728 [main] INFO org.springframework.test.web.servlet.TestDispatcherServlet -- Initializing Servlet ''
08:08:57.729 [main] INFO org.springframework.test.web.servlet.TestDispatcherServlet -- Completed initialization in 0 ms
08:08:57.735 [main] INFO com.smart.health.consultation.controller.AiConsultController -- 收到流式问诊请求, sessionId=session_001, patientId=0
]]></system-out>
  </testcase>
  <testcase name="streamConsult_withoutSessionId_passesNullToService" classname="com.smart.health.consultation.controller.AiConsultControllerTest$StreamConsult" time="0.012">
    <system-out><![CDATA[08:08:57.751 [main] INFO org.springframework.mock.web.MockServletContext -- Initializing Spring TestDispatcherServlet ''
08:08:57.751 [main] INFO org.springframework.test.web.servlet.TestDispatcherServlet -- Initializing Servlet ''
08:08:57.751 [main] INFO org.springframework.test.web.servlet.TestDispatcherServlet -- Completed initialization in 0 ms
08:08:57.754 [main] INFO com.smart.health.consultation.controller.AiConsultController -- 收到流式问诊请求, sessionId=null, patientId=0
]]></system-out>
  </testcase>
</testsuite>