<?xml version="1.0" encoding="UTF-8"?>
<testsuite xmlns:xsi="http://www.w3.org/2001/XMLSchema-instance" xsi:noNamespaceSchemaLocation="https://maven.apache.org/surefire/maven-surefire-plugin/xsd/surefire-test-report-3.0.xsd" version="3.0" name="com.smart.health.registration.controller.ScheduleControllerTest" time="1.028" tests="4" errors="0" skipped="0" failures="0">
  <properties>
[...]
</properties>
  <testcase name="seckill_success" classname="com.smart.health.registration.controller.ScheduleControllerTest" time="0.123">
    <system-out><![CDATA[08:08:54.049 [main] INFO org.springframework.test.context.support.AnnotationConfigContextLoaderUtils -- Could not detect default configuration classes for test class [com.smart.health.registration.controller.ScheduleControllerTest]: ScheduleControllerTest does not declare any static, non-private, non-final, nested classes annotated with @Configuration.
08:08:54.127 [main] INFO org.springframework.boot.test.context.SpringBootTestContextBootstrapper -- Found @SpringBootConfiguration com.smart.health.registration.TestApplication for test class com.smart.health.registration.controller.ScheduleControllerTest

  .   ____          _            __ _ _
 /\\ / ___'_ __ _ _(_)_ __  __ _ \ \ \ \
( ( )\___ | '_ | '_| | '_ \/ _` | \ \ \ \
 \\/  ___)| |_)| | | | | || (_| |  ) ) ) )
  '  |____| .__|_| |_|_| |_\__, | / / / /
 =========|_|==============|___/=/_/_/_/
 :: Spring Boot ::                (v3.2.5)

2026-06-30T08:08:54.292+08:00  INFO 4493 --- [           main] c.s.h.r.c.ScheduleControllerTest         : Starting ScheduleControllerTest using Java 17.0.19 with PID 4493 (started by muxin in /home/muxin/codebase/project/smart-health-registration)
2026-06-30T08:08:54.293+08:00  INFO 4493 --- [           main] c.s.h.r.c.ScheduleControllerTest         : No active profile set, falling back to 1 default profile: "default"
2026-06-30T08:08:54.847+08:00  INFO 4493 --- [           main] o.s.b.t.m.w.SpringBootMockServletContext : Initializing Spring TestDispatcherServlet ''
2026-06-30T08:08:54.847+08:00  INFO 4493 --- [           main] o.s.t.web.servlet.TestDispatcherServlet  : Initializing Servlet ''
2026-06-30T08:08:54.848+08:00  INFO 4493 --- [           main] o.s.t.web.servlet.TestDispatcherServlet  : Completed initialization in 1 ms
2026-06-30T08:08:54.859+08:00  INFO 4493 --- [           main] c.s.h.r.c.ScheduleControllerTest         : Started ScheduleControllerTest in 0.705 seconds (process running for 2.076)
]]></system-out>
  </testcase>
  <testcase name="seckill_validationError" classname="com.smart.health.registration.controller.ScheduleControllerTest" time="0.011">
    <system-out><![CDATA[2026-06-30T08:08:54.996+08:00  WARN 4493 --- [           main] .w.s.m.s.DefaultHandlerExceptionResolver : Resolved [org.springframework.web.bind.MethodArgumentNotValidException: Validation failed for argument [0] in public com.smart.health.common.result.Result<com.smart.health.registration.dto.SeckillResponse> com.smart.health.registration.controller.ScheduleController.seckill(com.smart.health.registration.dto.SeckillRequest) with 2 errors: [Field error in object 'seckillRequest' on field 'scheduleId': rejected value [null]; codes [NotNull.seckillRequest.scheduleId,NotNull.scheduleId,NotNull.java.lang.Long,NotNull]; arguments [org.springframework.context.support.DefaultMessageSourceResolvable: codes [seckillRequest.scheduleId,scheduleId]; arguments []; default message [scheduleId]]; default message [排班ID不能为空]] [Field error in object 'seckillRequest' on field 'patientId': rejected value [null]; codes [NotNull.seckillRequest.patientId,NotNull.patientId,NotNull.java.lang.Long,NotNull]; arguments [org.springframework.context.support.DefaultMessageSourceResolvable: codes [seckillRequest.patientId,patientId]; arguments []; default message [patientId]]; default message [患者ID不能为空]] ]
]]></system-out>
  </testcase>
  <testcase name="listOrders_success" classname="com.smart.health.registration.controller.ScheduleControllerTest" time="0.01"/>
  <testcase name="getOrderDetail_success" classname="com.smart.health.registration.controller.ScheduleControllerTest" time="0.009"/>
</testsuite>